{
  "stats": {
    "suites": 1,
    "tests": 1,
    "passes": 1,
    "pending": 0,
    "failures": 0,
    "start": "2021-10-20T10:32:33.213Z",
    "end": "2021-10-20T10:32:42.429Z",
    "duration": 9216,
    "testsRegistered": 1,
    "passPercent": 100,
    "pendingPercent": 0,
    "other": 0,
    "hasOther": false,
    "skipped": 0,
    "hasSkipped": false
  },
  "results": [
    {
      "uuid": "198b2b38-c382-4a29-919b-fc6166fc4a5e",
      "title": "",
      "fullFile": "cypress/integration/cadastro.spec.js",
      "file": "cypress/integration/cadastro.spec.js",
      "beforeHooks": [],
      "afterHooks": [],
      "tests": [],
      "suites": [
        {
          "uuid": "62288a2f-f668-4a8f-bf60-3fbec59b0d7b",
          "title": "Cadastro ",
          "fullFile": "",
          "file": "",
          "beforeHooks": [],
          "afterHooks": [],
          "tests": [
            {
              "title": "Quando eu informar os dados e finalizar, então o cadastro deve ser realizado",
              "fullTitle": "Cadastro  Quando eu informar os dados e finalizar, então o cadastro deve ser realizado",
              "timedOut": null,
              "duration": 6510,
              "state": "passed",
              "speed": "slow",
              "pass": true,
              "fail": false,
              "pending": false,
              "context": null,
              "code": "cy.visit(\"https://form-agilizei.netlify.app\"); //inputs de texto, textarea e email ->type\ncy.get('input[name=\"firstName\"]').type(chance.first());\ncy.get('input[name=\"lastName\"]').type(chance.last());\ncy.get('textarea[name=\"adress\"]').type(chance.address());\ncy.get('input[name=\"emailAdress\"]').type(chance.email()); //input radio ->checkboxes -> check\ncy.get('input[value=\"n\"]').check();\ncy.get('input[type=\"checkbox\"]').check(\"Netflix\");\ncy.get('input[type=\"checkbox\"]').check(\"Dormir\"); //inputs do tipo combobox / select -> select \ncy.get('select#countries').select('Dinamarca', {\n  force: true\n});\ncy.get('select#years').select('2001', {\n  force: true\n});\ncy.get('select#months').select('Abril', {\n  force: true\n});\ncy.get('select#days').select('10', {\n  force: true\n}); //input de senha -> type\ncy.get('input[id=\"firstpassword\"]').type('Alunos@1908');\ncy.get('input[id=\"secondpassword\"]').type('Alunos@1908'); //input botão -> click\ncy.contains('Finalizar cadastro').click(); //espero que a minha aplicação seja direcionada para a a listagem\n//url \n//deve estar / conter a palavra listagem\ncy.url().should('contain', 'listagem'); //input[id=\"firstpassword\"]\n//select#years\n//select#months\n//select#days\n//\n//select#countries\n//input[value=\"n\"]\n//input[name=\"firstName\"]\n//input[name=\"lastName\"]\n// textarea[name=\"adress\"]\n// input[name=\"emailAdress\"]",
              "err": {},
              "uuid": "e6967575-7f5d-45aa-aca3-58a4d0b97111",
              "parentUUID": "62288a2f-f668-4a8f-bf60-3fbec59b0d7b",
              "isHook": false,
              "skipped": false
            }
          ],
          "suites": [],
          "passes": [
            "e6967575-7f5d-45aa-aca3-58a4d0b97111"
          ],
          "failures": [],
          "pending": [],
          "skipped": [],
          "duration": 6510,
          "root": false,
          "rootEmpty": false,
          "_timeout": 2000
        }
      ],
      "passes": [],
      "failures": [],
      "pending": [],
      "skipped": [],
      "duration": 0,
      "root": true,
      "rootEmpty": true,
      "_timeout": 2000
    }
  ],
  "meta": {
    "mocha": {
      "version": "7.0.1"
    },
    "mochawesome": {
      "options": {
        "quiet": true,
        "reportFilename": "mochawesome",
        "saveHtml": false,
        "saveJson": true,
        "consoleReporter": "spec",
        "useInlineDiffs": false,
        "code": true
      },
      "version": "6.3.1"
    },
    "marge": {
      "options": {
        "id": "default",
        "reportDir": "mochawesome-report",
        "quiet": true,
        "overwrite": false,
        "html": false,
        "json": true
      },
      "version": "5.2.0"
    }
  }
}