{
  "stats": {
    "suites": 1,
    "tests": 2,
    "passes": 2,
    "pending": 0,
    "failures": 0,
    "start": "2021-10-20T10:32:51.776Z",
    "end": "2021-10-20T10:32:55.180Z",
    "duration": 3404,
    "testsRegistered": 2,
    "passPercent": 100,
    "pendingPercent": 0,
    "other": 0,
    "hasOther": false,
    "skipped": 0,
    "hasSkipped": false
  },
  "results": [
    {
      "uuid": "fbfc6c25-c28a-4173-bf65-eb0cd02c7aca",
      "title": "",
      "fullFile": "cypress/integration/listagem.spec.js",
      "file": "cypress/integration/listagem.spec.js",
      "beforeHooks": [],
      "afterHooks": [],
      "tests": [],
      "suites": [
        {
          "uuid": "02fcd08f-45e7-49d1-bf2c-9302a5746797",
          "title": "Listagem",
          "fullFile": "",
          "file": "",
          "beforeHooks": [],
          "afterHooks": [],
          "tests": [
            {
              "title": "Quando não houver cadastros, então a listagem deve estar vazia",
              "fullTitle": "Listagem Quando não houver cadastros, então a listagem deve estar vazia",
              "timedOut": null,
              "duration": 1108,
              "state": "passed",
              "speed": "slow",
              "pass": true,
              "fail": false,
              "pending": false,
              "context": null,
              "code": "cy.fixture('listagem-sem-itens').then(data => {\n  window.localStorage.setItem('data', JSON.stringify(data));\n}); //  window.localStorage.setItem('data',JSON.stringify([{\"firstName\":\"Fernanda\",\"lastName\":\"Tamara\",\"adress\":\"Guaiba\",\"emailAdress\":\"tamara@teste.com\",\"radioGender\":\"n\",\"checks\":[\"Netflix\",\"Dormir\"],\"selectCountries\":\"Dinamarca\",\"selectYears\":\"2001\",\"selectMonths\":\"Abril\",\"pwd\":\"Alunos@1908\"}]))\ncy.visit('https://form-agilizei.netlify.app/listagem.html');\ncy.get('table tbody tr').should('have.length', 0); //",
              "err": {},
              "uuid": "8926aee5-acec-4bc1-92e9-febff0567e3c",
              "parentUUID": "02fcd08f-45e7-49d1-bf2c-9302a5746797",
              "isHook": false,
              "skipped": false
            },
            {
              "title": "quando houver um ou mais cadastros, então  a listagem deve exibir cada registro",
              "fullTitle": "Listagem quando houver um ou mais cadastros, então  a listagem deve exibir cada registro",
              "timedOut": null,
              "duration": 486,
              "state": "passed",
              "speed": "slow",
              "pass": true,
              "fail": false,
              "pending": false,
              "context": null,
              "code": "cy.fixture('listagem-com-itens').then(data => {\n  window.localStorage.setItem('data', JSON.stringify(data));\n}); //  window.localStorage.setItem('data',JSON.stringify([{\"firstName\":\"Fernanda\",\"lastName\":\"Tamara\",\"adress\":\"Guaiba\",\"emailAdress\":\"tamara@teste.com\",\"radioGender\":\"n\",\"checks\":[\"Netflix\",\"Dormir\"],\"selectCountries\":\"Dinamarca\",\"selectYears\":\"2001\",\"selectMonths\":\"Abril\",\"pwd\":\"Alunos@1908\"}]))\ncy.visit('https://form-agilizei.netlify.app/listagem.html');\ncy.get('table tbody tr').should('have.length', 2);",
              "err": {},
              "uuid": "5aa89d4e-efca-416a-9c2b-560131a09c87",
              "parentUUID": "02fcd08f-45e7-49d1-bf2c-9302a5746797",
              "isHook": false,
              "skipped": false
            }
          ],
          "suites": [],
          "passes": [
            "8926aee5-acec-4bc1-92e9-febff0567e3c",
            "5aa89d4e-efca-416a-9c2b-560131a09c87"
          ],
          "failures": [],
          "pending": [],
          "skipped": [],
          "duration": 1594,
          "root": false,
          "rootEmpty": false,
          "_timeout": 2000
        }
      ],
      "passes": [],
      "failures": [],
      "pending": [],
      "skipped": [],
      "duration": 0,
      "root": true,
      "rootEmpty": true,
      "_timeout": 2000
    }
  ],
  "meta": {
    "mocha": {
      "version": "7.0.1"
    },
    "mochawesome": {
      "options": {
        "quiet": true,
        "reportFilename": "mochawesome",
        "saveHtml": false,
        "saveJson": true,
        "consoleReporter": "spec",
        "useInlineDiffs": false,
        "code": true
      },
      "version": "6.3.1"
    },
    "marge": {
      "options": {
        "id": "default",
        "reportDir": "mochawesome-report",
        "quiet": true,
        "overwrite": false,
        "html": false,
        "json": true
      },
      "version": "5.2.0"
    }
  }
}